  Drone.cpp
  World.cpp
  main.cpp
D:\Faculta\PG\PROIECT\PROIECT\World.cpp(153,9): error C2059: syntax error: 'for'
D:\Faculta\PG\PROIECT\PROIECT\World.cpp(153,20): error C2143: syntax error: missing ')' before ';'
D:\Faculta\PG\PROIECT\PROIECT\World.cpp(153,23): error C2143: syntax error: missing ';' before '<'
D:\Faculta\PG\PROIECT\PROIECT\World.cpp(153,22): error C4430: missing type specifier - int assumed. Note: C++ does not support default-int
D:\Faculta\PG\PROIECT\PROIECT\World.cpp(153,42): error C2059: syntax error: '++'
D:\Faculta\PG\PROIECT\PROIECT\World.cpp(153,45): error C2059: syntax error: ')'
D:\Faculta\PG\PROIECT\PROIECT\World.cpp(153,47): error C2143: syntax error: missing ';' before '{'
D:\Faculta\PG\PROIECT\PROIECT\World.cpp(153,47): error C2447: '{': missing function header (old-style formal list?)
D:\Faculta\PG\PROIECT\PROIECT\World.cpp(183,10): error C2653: 'World': is not a class or namespace name
D:\Faculta\PG\PROIECT\PROIECT\World.cpp(187,9): error C2065: 'asteroidPositions': undeclared identifier
D:\Faculta\PG\PROIECT\PROIECT\World.cpp(188,9): error C2065: 'dynamicObstacles': undeclared identifier
D:\Faculta\PG\PROIECT\PROIECT\World.cpp(203,13): error C2065: 'asteroidPositions': undeclared identifier
D:\Faculta\PG\PROIECT\PROIECT\World.cpp(204,13): error C2065: 'dynamicObstacles': undeclared identifier
D:\Faculta\PG\PROIECT\PROIECT\World.cpp(209,29): error C2065: 'bullets': undeclared identifier
D:\Faculta\PG\PROIECT\PROIECT\World.cpp(210,13): error C2065: 'bullets': undeclared identifier
D:\Faculta\PG\PROIECT\PROIECT\World.cpp(210,36): error C2065: 'bullets': undeclared identifier
D:\Faculta\PG\PROIECT\PROIECT\World.cpp(211,13): error C2065: 'bullets': undeclared identifier
D:\Faculta\PG\PROIECT\PROIECT\World.cpp(213,17): error C2065: 'bullets': undeclared identifier
D:\Faculta\PG\PROIECT\PROIECT\World.cpp(214,17): error C2065: 'bullets': undeclared identifier
D:\Faculta\PG\PROIECT\PROIECT\World.cpp(214,31): error C2065: 'bullets': undeclared identifier
D:\Faculta\PG\PROIECT\PROIECT\World.cpp(222,33): error C2065: 'cityBuildings': undeclared identifier
D:\Faculta\PG\PROIECT\PROIECT\World.cpp(223,40): error C2065: 'cityBuildings': undeclared identifier
D:\Faculta\PG\PROIECT\PROIECT\World.cpp(224,40): error C2065: 'cityBuildings': undeclared identifier
D:\Faculta\PG\PROIECT\PROIECT\World.cpp(227,21): error C2065: 'bullets': undeclared identifier
D:\Faculta\PG\PROIECT\PROIECT\World.cpp(227,53): error C2065: 'bullets': undeclared identifier
D:\Faculta\PG\PROIECT\PROIECT\World.cpp(227,78): error C2065: 'cityBuildings': undeclared identifier
D:\Faculta\PG\PROIECT\PROIECT\World.cpp(232,56): error C2065: 'bullets': undeclared identifier
D:\Faculta\PG\PROIECT\PROIECT\World.cpp(232,79): error C2065: 'bullets': undeclared identifier
D:\Faculta\PG\PROIECT\PROIECT\World.cpp(233,56): error C2065: 'cityBuildings': undeclared identifier
D:\Faculta\PG\PROIECT\PROIECT\World.cpp(233,85): error C2065: 'cityBuildings': undeclared identifier
D:\Faculta\PG\PROIECT\PROIECT\World.cpp(237,21): error C2065: 'cityBuildings': undeclared identifier
D:\Faculta\PG\PROIECT\PROIECT\World.cpp(240,25): error C2065: 'cityBuildings': undeclared identifier
D:\Faculta\PG\PROIECT\PROIECT\World.cpp(241,25): error C2065: 'cityBuildings': undeclared identifier
D:\Faculta\PG\PROIECT\PROIECT\World.cpp(241,45): error C2065: 'cityBuildings': undeclared identifier
D:\Faculta\PG\PROIECT\PROIECT\World.cpp(249,37): error C2065: 'alienInstances': undeclared identifier
D:\Faculta\PG\PROIECT\PROIECT\World.cpp(251,25): error C2065: 'alienInstances': undeclared identifier
D:\Faculta\PG\PROIECT\PROIECT\World.cpp(253,48): error C2065: 'bullets': undeclared identifier
D:\Faculta\PG\PROIECT\PROIECT\World.cpp(253,69): error C2065: 'alienInstances': undeclared identifier
D:\Faculta\PG\PROIECT\PROIECT\World.cpp(253,39): error C2672: 'glm::distance': no matching overloaded function found
      D:\Faculta\OpenGL\OpenGL_dev_libs\include\glm\detail\func_geometric.inl(145,29):
      could be 'genType glm::distance(const genType &,const genType &)'
          D:\Faculta\PG\PROIECT\PROIECT\World.cpp(253,39):
          'genType glm::distance(const genType &,const genType &)': expects 2 arguments - 1 provided
      D:\Faculta\OpenGL\OpenGL_dev_libs\include\glm\geometric.hpp(40,18):
      or       'T glm::distance(const glm::vec<L,T,Q> &,const glm::vec<L,T,Q> &)'
          D:\Faculta\PG\PROIECT\PROIECT\World.cpp(253,39):
          'T glm::distance(const glm::vec<L,T,Q> &,const glm::vec<L,T,Q> &)': expects 2 arguments - 1 provided
  
D:\Faculta\PG\PROIECT\PROIECT\World.cpp(256,25): error C2065: 'alienInstances': undeclared identifier
D:\Faculta\PG\PROIECT\PROIECT\World.cpp(258,29): error C2065: 'alienInstances': undeclared identifier
D:\Faculta\PG\PROIECT\PROIECT\World.cpp(259,29): error C2065: 'alienInstances': undeclared identifier
D:\Faculta\PG\PROIECT\PROIECT\World.cpp(259,50): error C2065: 'alienInstances': undeclared identifier
D:\Faculta\PG\PROIECT\PROIECT\World.cpp(267,17): error C2065: 'bullets': undeclared identifier
D:\Faculta\PG\PROIECT\PROIECT\World.cpp(267,31): error C2065: 'bullets': undeclared identifier
D:\Faculta\PG\PROIECT\PROIECT\World.cpp(274,10): error C2653: 'World': is not a class or namespace name
D:\Faculta\PG\PROIECT\PROIECT\World.cpp(275,9): error C2065: 'Bullet': undeclared identifier
D:\Faculta\PG\PROIECT\PROIECT\World.cpp(275,16): error C2146: syntax error: missing ';' before identifier 'b'
D:\Faculta\PG\PROIECT\PROIECT\World.cpp(275,16): error C2065: 'b': undeclared identifier
D:\Faculta\PG\PROIECT\PROIECT\World.cpp(276,9): error C2065: 'b': undeclared identifier
D:\Faculta\PG\PROIECT\PROIECT\World.cpp(277,9): error C2065: 'b': undeclared identifier
D:\Faculta\PG\PROIECT\PROIECT\World.cpp(278,9): error C2065: 'b': undeclared identifier
D:\Faculta\PG\PROIECT\PROIECT\World.cpp(279,9): error C2065: 'bullets': undeclared identifier
D:\Faculta\PG\PROIECT\PROIECT\World.cpp(279,27): error C2065: 'b': undeclared identifier
D:\Faculta\PG\PROIECT\PROIECT\World.cpp(282,10): error C2653: 'World': is not a class or namespace name
D:\Faculta\PG\PROIECT\PROIECT\World.cpp(284,32): error C2065: 'obstacles': undeclared identifier
D:\Faculta\PG\PROIECT\PROIECT\World.cpp(284,26): error C2530: 'obs': references must be initialized
D:\Faculta\PG\PROIECT\PROIECT\World.cpp(284,26): error C3531: 'obs': a symbol whose type contains 'auto' must have an initializer
D:\Faculta\PG\PROIECT\PROIECT\World.cpp(284,30): error C2143: syntax error: missing ';' before ':'
D:\Faculta\PG\PROIECT\PROIECT\World.cpp(284,41): error C2143: syntax error: missing ';' before ')'
D:\Faculta\PG\PROIECT\PROIECT\World.cpp(285,31): error C2672: 'glm::distance': no matching overloaded function found
      D:\Faculta\OpenGL\OpenGL_dev_libs\include\glm\detail\func_geometric.inl(145,29):
      could be 'genType glm::distance(const genType &,const genType &)'
          D:\Faculta\PG\PROIECT\PROIECT\World.cpp(285,31):
          'genType glm::distance(const genType &,const genType &)': expects 2 arguments - 1 provided
      D:\Faculta\OpenGL\OpenGL_dev_libs\include\glm\geometric.hpp(40,18):
      or       'T glm::distance(const glm::vec<L,T,Q> &,const glm::vec<L,T,Q> &)'
          D:\Faculta\PG\PROIECT\PROIECT\World.cpp(285,31):
          'T glm::distance(const glm::vec<L,T,Q> &,const glm::vec<L,T,Q> &)': expects 2 arguments - 1 provided
  
D:\Faculta\PG\PROIECT\PROIECT\World.cpp(293,37): error C2065: 'dynamicObstacles': undeclared identifier
D:\Faculta\PG\PROIECT\PROIECT\World.cpp(293,26): error C2530: 'asteroid': references must be initialized
D:\Faculta\PG\PROIECT\PROIECT\World.cpp(293,26): error C3531: 'asteroid': a symbol whose type contains 'auto' must have an initializer
D:\Faculta\PG\PROIECT\PROIECT\World.cpp(293,35): error C2143: syntax error: missing ';' before ':'
D:\Faculta\PG\PROIECT\PROIECT\World.cpp(293,53): error C2143: syntax error: missing ';' before ')'
D:\Faculta\PG\PROIECT\PROIECT\World.cpp(302,31): error C2672: 'glm::length': no matching overloaded function found
      D:\Faculta\OpenGL\OpenGL_dev_libs\include\glm\ext\quaternion_geometric.hpp(38,18):
      could be 'T glm::length(const glm::qua<T,Q> &)'
      D:\Faculta\OpenGL\OpenGL_dev_libs\include\glm\detail\func_geometric.inl(128,29):
      or       'genType glm::length(genType)'
      D:\Faculta\OpenGL\OpenGL_dev_libs\include\glm\geometric.hpp(30,18):
      or       'T glm::length(const glm::vec<L,T,Q> &)'
  
D:\Faculta\PG\PROIECT\PROIECT\World.cpp(313,41): error C2065: 'spirePositions': undeclared identifier
D:\Faculta\PG\PROIECT\PROIECT\World.cpp(313,30): error C2530: 'spirePos': references must be initialized
D:\Faculta\PG\PROIECT\PROIECT\World.cpp(313,30): error C3531: 'spirePos': a symbol whose type contains 'auto' must have an initializer
D:\Faculta\PG\PROIECT\PROIECT\World.cpp(313,39): error C2143: syntax error: missing ';' before ':'
D:\Faculta\PG\PROIECT\PROIECT\World.cpp(313,55): error C2143: syntax error: missing ';' before ')'
D:\Faculta\PG\PROIECT\PROIECT\World.cpp(327,37): error C2065: 'cityBuildings': undeclared identifier
D:\Faculta\PG\PROIECT\PROIECT\World.cpp(327,26): error C2530: 'building': references must be initialized
D:\Faculta\PG\PROIECT\PROIECT\World.cpp(327,26): error C3531: 'building': a symbol whose type contains 'auto' must have an initializer
D:\Faculta\PG\PROIECT\PROIECT\World.cpp(327,35): error C2143: syntax error: missing ';' before ':'
D:\Faculta\PG\PROIECT\PROIECT\World.cpp(327,50): error C2143: syntax error: missing ';' before ')'
D:\Faculta\PG\PROIECT\PROIECT\World.cpp(353,10): error C2653: 'World': is not a class or namespace name
D:\Faculta\PG\PROIECT\PROIECT\World.cpp(353,93): error C2061: syntax error: identifier 'RenderType'
D:\Faculta\PG\PROIECT\PROIECT\World.cpp(358,13): error C2065: 'type': undeclared identifier
D:\Faculta\PG\PROIECT\PROIECT\World.cpp(358,21): error C2065: 'RENDER_ALL': undeclared identifier
D:\Faculta\PG\PROIECT\PROIECT\World.cpp(376,20): error C2065: 'rock': undeclared identifier
D:\Faculta\PG\PROIECT\PROIECT\World.cpp(376,9): error C3861: 'RenderMesh': identifier not found
D:\Faculta\PG\PROIECT\PROIECT\World.cpp(377,20): error C2065: 'rock': undeclared identifier
D:\Faculta\PG\PROIECT\PROIECT\World.cpp(377,9): error C3861: 'RenderMesh': identifier not found
D:\Faculta\PG\PROIECT\PROIECT\World.cpp(378,20): error C2065: 'rock': undeclared identifier
D:\Faculta\PG\PROIECT\PROIECT\World.cpp(378,9): error C3861: 'RenderMesh': identifier not found
D:\Faculta\PG\PROIECT\PROIECT\World.cpp(380,20): error C2065: 'crater': undeclared identifier
D:\Faculta\PG\PROIECT\PROIECT\World.cpp(380,9): error C3861: 'RenderMesh': identifier not found
D:\Faculta\PG\PROIECT\PROIECT\World.cpp(381,20): error C2065: 'crater': undeclared identifier
D:\Faculta\PG\PROIECT\PROIECT\World.cpp(381,9): error C3861: 'RenderMesh': identifier not found
D:\Faculta\PG\PROIECT\PROIECT\World.cpp(384,31): error C2065: 'spirePositions': undeclared identifier
D:\Faculta\PG\PROIECT\PROIECT\World.cpp(384,25): error C2530: 'pos': references must be initialized
D:\Faculta\PG\PROIECT\PROIECT\World.cpp(384,25): error C3531: 'pos': a symbol whose type contains 'auto' must have an initializer
D:\Faculta\PG\PROIECT\PROIECT\World.cpp(384,29): error C2143: syntax error: missing ';' before ':'
D:\Faculta\PG\PROIECT\PROIECT\World.cpp(384,45): error C2143: syntax error: missing ';' before ')'
D:\Faculta\PG\PROIECT\PROIECT\World.cpp(387,25): error C2065: 'rock': undeclared identifier
D:\Faculta\PG\PROIECT\PROIECT\World.cpp(387,25): error C1003: error count exceeds 100; stopping compilation
  Generating Code...
